<?xml version="1.0" encoding="UTF-8"?>
<!-- Generated by org.testng.reporters.JUnitReportReporter -->
<testsuite skipped="0" hostname="LAPTOP-J620CCJO" name="com.automation.githubautomation.Testclass" tests="1" failures="0" timestamp="26 Sep 2017 09:29:24 GMT" time="18.720" errors="0">
  <testcase name="testmethod" time="18.720" classname="com.automation.githubautomation.Testclass"/>
</testsuite> <!-- com.automation.githubautomation.Testclass -->
