<?xml version="1.0" encoding="UTF-8"?>
<!-- Generated by org.testng.reporters.JUnitReportReporter -->
<testsuite skipped="0" hostname="LAPTOP-J620CCJO" name="com.automation.githubautomation.Testclass" tests="1" failures="0" timestamp="19 Sep 2017 12:00:15 GMT" time="31.133" errors="0">
  <testcase name="testmethod" time="31.133" classname="com.automation.githubautomation.Testclass"/>
</testsuite> <!-- com.automation.githubautomation.Testclass -->
